<?xml version="1.0" encoding="UTF-8"?>
<!-- Generated by org.testng.reporters.JUnitXMLReporter -->
<testsuite ignored="0" hostname="Iradas-Air.lan" failures="0" tests="5" name="Default test" time="7.694" errors="0" timestamp="2023-05-07T17:14:09 PDT">
  <testcase classname="api_tests.CraterItems" name="login" time="2.965"/>
  <testcase classname="api_tests.CraterItems" name="createItem" time="1.272"/>
  <testcase classname="api_tests.CraterItems" name="getItem" time="0.868"/>
  <testcase classname="api_tests.CraterItems" name="updateItem" time="0.892"/>
  <testcase classname="api_tests.CraterItems" name="deleteItem" time="0.447"/>
</testsuite> <!-- Default test -->
