<?xml version="1.0" encoding="UTF-8"?>
<!-- Generated by org.testng.reporters.JUnitXMLReporter -->
<testsuite ignored="0" hostname="Iradas-Air.lan" failures="0" tests="3" name="Default test" time="6.521" errors="0" timestamp="2023-05-01T18:00:32 PDT">
  <testcase classname="api_tests.TestNgDemo" name="softAsserDemo" time="0.022"/>
  <testcase classname="api_tests.TestNgDemo" name="uiTestDemo" time="6.345"/>
  <testcase classname="api_tests.TestNgDemo" name="assertionDemo" time="0.003"/>
</testsuite> <!-- Default test -->
