<?xml version="1.0" encoding="UTF-8"?>
<testng-results ignored="0" total="5" passed="5" failed="0" skipped="0">
  <reporter-output>
  </reporter-output>
  <suite started-at="2023-05-07T17:14:02 PDT" name="Default suite" finished-at="2023-05-07T17:14:09 PDT" duration-ms="7694">
    <groups>
    </groups>
    <test started-at="2023-05-07T17:14:02 PDT" name="Default test" finished-at="2023-05-07T17:14:09 PDT" duration-ms="7694">
      <class name="api_tests.CraterItems">
        <test-method is-config="true" signature="setup()[pri:0, instance:api_tests.CraterItems@bd4dc25]" started-at="2023-05-07T17:14:02 PDT" name="setup" finished-at="2023-05-07T17:14:03 PDT" duration-ms="1173" status="PASS">
          <reporter-output>
          </reporter-output>
        </test-method> <!-- setup -->
        <test-method signature="login()[pri:0, instance:api_tests.CraterItems@bd4dc25]" started-at="2023-05-07T17:14:03 PDT" name="login" finished-at="2023-05-07T17:14:06 PDT" duration-ms="2965" status="PASS">
          <reporter-output>
          </reporter-output>
        </test-method> <!-- login -->
        <test-method signature="createItem()[pri:0, instance:api_tests.CraterItems@bd4dc25]" started-at="2023-05-07T17:14:06 PDT" name="createItem" finished-at="2023-05-07T17:14:07 PDT" depends-on-methods="api_tests.CraterItems.login" duration-ms="1272" status="PASS">
          <reporter-output>
          </reporter-output>
        </test-method> <!-- createItem -->
        <test-method signature="getItem()[pri:0, instance:api_tests.CraterItems@bd4dc25]" started-at="2023-05-07T17:14:07 PDT" name="getItem" finished-at="2023-05-07T17:14:08 PDT" depends-on-methods="api_tests.CraterItems.createItem" duration-ms="868" status="PASS">
          <reporter-output>
          </reporter-output>
        </test-method> <!-- getItem -->
        <test-method signature="updateItem()[pri:0, instance:api_tests.CraterItems@bd4dc25]" started-at="2023-05-07T17:14:08 PDT" name="updateItem" finished-at="2023-05-07T17:14:09 PDT" depends-on-methods="api_tests.CraterItems.getItem" duration-ms="892" status="PASS">
          <reporter-output>
          </reporter-output>
        </test-method> <!-- updateItem -->
        <test-method signature="deleteItem()[pri:0, instance:api_tests.CraterItems@bd4dc25]" started-at="2023-05-07T17:14:09 PDT" name="deleteItem" finished-at="2023-05-07T17:14:09 PDT" depends-on-methods="api_tests.CraterItems.updateItem" duration-ms="447" status="PASS">
          <reporter-output>
          </reporter-output>
        </test-method> <!-- deleteItem -->
      </class> <!-- api_tests.CraterItems -->
    </test> <!-- Default test -->
  </suite> <!-- Default suite -->
</testng-results>
