<?xml version="1.0" encoding="UTF-8"?>
<testng-results ignored="0" total="3" passed="3" failed="0" skipped="0">
  <reporter-output>
  </reporter-output>
  <suite started-at="2023-05-01T18:00:25 PDT" name="Default suite" finished-at="2023-05-01T18:00:32 PDT" duration-ms="6521">
    <groups>
    </groups>
    <test started-at="2023-05-01T18:00:25 PDT" name="Default test" finished-at="2023-05-01T18:00:32 PDT" duration-ms="6521">
      <class name="api_tests.TestNgDemo">
        <test-method is-config="true" signature="beforeTest()[pri:0, instance:api_tests.TestNgDemo@3c73951]" started-at="2023-05-01T18:00:25 PDT" name="beforeTest" finished-at="2023-05-01T18:00:25 PDT" duration-ms="15" status="PASS">
          <reporter-output>
          </reporter-output>
        </test-method> <!-- beforeTest -->
        <test-method is-config="true" signature="beforeMethod()[pri:0, instance:api_tests.TestNgDemo@3c73951]" started-at="2023-05-01T18:00:25 PDT" name="beforeMethod" finished-at="2023-05-01T18:00:25 PDT" duration-ms="0" status="PASS">
          <reporter-output>
          </reporter-output>
        </test-method> <!-- beforeMethod -->
        <test-method signature="softAsserDemo()[pri:0, instance:api_tests.TestNgDemo@3c73951]" started-at="2023-05-01T18:00:25 PDT" name="softAsserDemo" finished-at="2023-05-01T18:00:25 PDT" duration-ms="22" status="PASS">
          <reporter-output>
          </reporter-output>
        </test-method> <!-- softAsserDemo -->
        <test-method is-config="true" signature="afterMethod()[pri:0, instance:api_tests.TestNgDemo@3c73951]" started-at="2023-05-01T18:00:25 PDT" name="afterMethod" finished-at="2023-05-01T18:00:25 PDT" duration-ms="1" status="PASS">
          <reporter-output>
          </reporter-output>
        </test-method> <!-- afterMethod -->
        <test-method is-config="true" signature="beforeMethod()[pri:0, instance:api_tests.TestNgDemo@3c73951]" started-at="2023-05-01T18:00:25 PDT" name="beforeMethod" finished-at="2023-05-01T18:00:25 PDT" duration-ms="1" status="PASS">
          <reporter-output>
          </reporter-output>
        </test-method> <!-- beforeMethod -->
        <test-method signature="uiTestDemo()[pri:0, instance:api_tests.TestNgDemo@3c73951]" started-at="2023-05-01T18:00:25 PDT" name="uiTestDemo" description="this is saucedemo" finished-at="2023-05-01T18:00:31 PDT" duration-ms="6345" status="PASS">
          <reporter-output>
          </reporter-output>
        </test-method> <!-- uiTestDemo -->
        <test-method is-config="true" signature="afterMethod()[pri:0, instance:api_tests.TestNgDemo@3c73951]" started-at="2023-05-01T18:00:32 PDT" name="afterMethod" finished-at="2023-05-01T18:00:32 PDT" duration-ms="1" status="PASS">
          <reporter-output>
          </reporter-output>
        </test-method> <!-- afterMethod -->
        <test-method is-config="true" signature="beforeMethod()[pri:0, instance:api_tests.TestNgDemo@3c73951]" started-at="2023-05-01T18:00:32 PDT" name="beforeMethod" finished-at="2023-05-01T18:00:32 PDT" duration-ms="1" status="PASS">
          <reporter-output>
          </reporter-output>
        </test-method> <!-- beforeMethod -->
        <test-method signature="assertionDemo()[pri:10, instance:api_tests.TestNgDemo@3c73951]" started-at="2023-05-01T18:00:32 PDT" name="assertionDemo" finished-at="2023-05-01T18:00:32 PDT" duration-ms="3" status="PASS">
          <reporter-output>
          </reporter-output>
        </test-method> <!-- assertionDemo -->
        <test-method is-config="true" signature="afterMethod()[pri:0, instance:api_tests.TestNgDemo@3c73951]" started-at="2023-05-01T18:00:32 PDT" name="afterMethod" finished-at="2023-05-01T18:00:32 PDT" duration-ms="48" status="PASS">
          <reporter-output>
          </reporter-output>
        </test-method> <!-- afterMethod -->
        <test-method is-config="true" signature="afterTest()[pri:0, instance:api_tests.TestNgDemo@3c73951]" started-at="2023-05-01T18:00:32 PDT" name="afterTest" finished-at="2023-05-01T18:00:32 PDT" duration-ms="0" status="PASS">
          <reporter-output>
          </reporter-output>
        </test-method> <!-- afterTest -->
      </class> <!-- api_tests.TestNgDemo -->
    </test> <!-- Default test -->
  </suite> <!-- Default suite -->
</testng-results>
